build/app/intermediates/manifest_merge_blame_file/release/manifest-merger-blame-release-report.txt
1<?xml version="1.0" encoding="utf-8"?>
2<manifest xmlns:android="http://schemas.android.com/apk/res/android"
3    package="com.htecom.htecompos"
4    android:versionCode="1"
5    android:versionName="1.0.0" >
6
7    <uses-sdk
8        android:minSdkVersion="23"
8-->src/main/AndroidManifest.xml
9        android:targetSdkVersion="30" />
9-->src/main/AndroidManifest.xml
10
11    <uses-permission android:name="android.permission.INTERNET" />
11-->src/main/AndroidManifest.xml:3:5-67
11-->src/main/AndroidManifest.xml:3:22-64
12    <uses-permission android:name="android.permission.READ_CONTACTS" />
12-->src/main/AndroidManifest.xml:4:5-72
12-->src/main/AndroidManifest.xml:4:22-69
13    <uses-permission android:name="android.permission.READ_EXTERNAL_STORAGE" />
13-->src/main/AndroidManifest.xml:5:5-79
13-->src/main/AndroidManifest.xml:5:22-77
14    <uses-permission android:name="android.permission.RECEIVE_SMS" />
14-->src/main/AndroidManifest.xml:6:5-69
14-->src/main/AndroidManifest.xml:6:22-67
15    <uses-permission android:name="android.permission.READ_SMS" />
15-->src/main/AndroidManifest.xml:7:5-66
15-->src/main/AndroidManifest.xml:7:22-64
16    <uses-permission android:name="android.permission.SEND_SMS" />
16-->src/main/AndroidManifest.xml:8:5-66
16-->src/main/AndroidManifest.xml:8:22-64
17    <uses-permission android:name="android.permission.WRITE_EXTERNAL_STORAGE" />
17-->src/main/AndroidManifest.xml:9:5-80
17-->src/main/AndroidManifest.xml:9:22-78
18    <uses-permission android:name="android.permission.BLUETOOTH_CONNECT" />
18-->src/main/AndroidManifest.xml:10:5-76
18-->src/main/AndroidManifest.xml:10:22-73
19    <uses-permission android:name="android.permission.BLUETOOTH_SCAN" />
19-->src/main/AndroidManifest.xml:11:5-73
19-->src/main/AndroidManifest.xml:11:22-70
20    <!-- Provide required visibility configuration for API level 30 and above -->
21    <queries>
21-->src/main/AndroidManifest.xml:13:5-24:15
22
23        <!-- If your app checks for SMS support -->
24        <intent>
24-->src/main/AndroidManifest.xml:15:9-18:18
25            <action android:name="android.intent.action.VIEW" />
25-->src/main/AndroidManifest.xml:16:13-65
25-->src/main/AndroidManifest.xml:16:21-62
26
27            <data android:scheme="sms" />
27-->src/main/AndroidManifest.xml:17:13-42
27-->src/main/AndroidManifest.xml:17:19-39
28        </intent>
29        <!-- If your app checks for call support -->
30        <intent>
30-->src/main/AndroidManifest.xml:20:9-23:18
31            <action android:name="android.intent.action.VIEW" />
31-->src/main/AndroidManifest.xml:16:13-65
31-->src/main/AndroidManifest.xml:16:21-62
32
33            <data android:scheme="tel" />
33-->src/main/AndroidManifest.xml:17:13-42
33-->src/main/AndroidManifest.xml:17:19-39
34        </intent>
35        <intent>
35-->[:flutter_inappwebview_android] AndroidManifest.xml:10:9-12:18
36            <action android:name="android.support.customtabs.action.CustomTabsService" />
36-->[:flutter_inappwebview_android] AndroidManifest.xml:11:13-90
36-->[:flutter_inappwebview_android] AndroidManifest.xml:11:21-87
37        </intent> <!-- Specific apps you interact with, eg: -->
38        <package android:name="com.paytm.pgsdk.TransactionManager.PAYTM_APP_PACKAGE" />
38-->[com.paytm.appinvokesdk:appinvokesdk:1.7.1] AndroidManifest.xml:12:9-88
38-->[com.paytm.appinvokesdk:appinvokesdk:1.7.1] AndroidManifest.xml:12:18-85
39        <!--
40             Specific intents you query for,
41             eg: for a custom share UI
42        -->
43        <intent>
43-->[com.paytm.appinvokesdk:appinvokesdk:1.7.1] AndroidManifest.xml:17:9-19:18
44            <action android:name="android.intent.action.MAIN" />
44-->src/main/AndroidManifest.xml:54:17-68
44-->src/main/AndroidManifest.xml:54:25-66
45        </intent>
46    </queries>
47
48    <uses-permission android:name="android.permission.BLUETOOTH" />
48-->[:bluetooth_thermal_printer] AndroidManifest.xml:9:5-68
48-->[:bluetooth_thermal_printer] AndroidManifest.xml:9:22-65
49    <uses-permission android:name="android.permission.BLUETOOTH_ADMIN" />
49-->[:bluetooth_thermal_printer] AndroidManifest.xml:10:5-74
49-->[:bluetooth_thermal_printer] AndroidManifest.xml:10:22-71
50    <uses-permission android:name="android.permission.ACCESS_NETWORK_STATE" />
50-->[:nb_utils] AndroidManifest.xml:10:5-79
50-->[:nb_utils] AndroidManifest.xml:10:22-76
51    <uses-permission android:name="android.permission.CAMERA" />
51-->[:flutter_barcode_scanner] AndroidManifest.xml:9:5-65
51-->[:flutter_barcode_scanner] AndroidManifest.xml:9:22-62
52
53    <uses-feature android:name="android.hardware.camera" />
53-->[:flutter_barcode_scanner] AndroidManifest.xml:11:5-60
53-->[:flutter_barcode_scanner] AndroidManifest.xml:11:19-57
54
55    <uses-permission android:name="android.permission.FLASHLIGHT" />
55-->[:flutter_barcode_scanner] AndroidManifest.xml:13:5-69
55-->[:flutter_barcode_scanner] AndroidManifest.xml:13:22-66
56    <uses-permission android:name="com.google.android.providers.gsf.permission.READ_GSERVICES" />
56-->[com.google.android.recaptcha:recaptcha:18.4.0] AndroidManifest.xml:9:5-98
56-->[com.google.android.recaptcha:recaptcha:18.4.0] AndroidManifest.xml:9:22-95
57    <uses-permission android:name="android.permission.READ_PHONE_STATE" />
57-->[com.paytm.easypay:easypay-appinvoke:1.8.0] AndroidManifest.xml:10:5-75
57-->[com.paytm.easypay:easypay-appinvoke:1.8.0] AndroidManifest.xml:10:22-72
58    <uses-permission android:name="android.permission.WAKE_LOCK" />
58-->[com.paytm.easypay:easypay-appinvoke:1.8.0] AndroidManifest.xml:11:5-68
58-->[com.paytm.easypay:easypay-appinvoke:1.8.0] AndroidManifest.xml:11:22-65
59
60    <permission
60-->[androidx.core:core:1.10.1] AndroidManifest.xml:22:5-24:47
61        android:name="com.htecom.htecompos.DYNAMIC_RECEIVER_NOT_EXPORTED_PERMISSION"
61-->[androidx.core:core:1.10.1] AndroidManifest.xml:23:9-81
62        android:protectionLevel="signature" />
62-->[androidx.core:core:1.10.1] AndroidManifest.xml:24:9-44
63
64    <uses-permission android:name="com.htecom.htecompos.DYNAMIC_RECEIVER_NOT_EXPORTED_PERMISSION" /> <!-- <uses-permission android:name="android.permission.NFC" /> -->
64-->[androidx.core:core:1.10.1] AndroidManifest.xml:26:5-97
64-->[androidx.core:core:1.10.1] AndroidManifest.xml:26:22-94
65    <!-- <uses-permission android:name="android.permission.ACCESS_ALL_DOWNLOADS" /> -->
66    <supports-screens
66-->[:sslcommerzlibrary:] AndroidManifest.xml:13:5-17:39
67        android:anyDensity="true"
67-->[:sslcommerzlibrary:] AndroidManifest.xml:14:9-34
68        android:largeScreens="true"
68-->[:sslcommerzlibrary:] AndroidManifest.xml:15:9-36
69        android:normalScreens="true"
69-->[:sslcommerzlibrary:] AndroidManifest.xml:16:9-37
70        android:smallScreens="true" />
70-->[:sslcommerzlibrary:] AndroidManifest.xml:17:9-36
71
72    <application
72-->src/main/AndroidManifest.xml:26:4-63:19
73        android:appComponentFactory="androidx.core.app.CoreComponentFactory"
73-->[androidx.core:core:1.10.1] AndroidManifest.xml:28:18-86
74        android:extractNativeLibs="false"
75        android:icon="@mipmap/ic_launcher"
75-->src/main/AndroidManifest.xml:28:9-43
76        android:label="HTECOM POS"
76-->src/main/AndroidManifest.xml:27:9-35
77        android:largeHeap="true"
77-->[:flutter_barcode_scanner] AndroidManifest.xml:16:9-33
78        android:theme="@style/Theme.AppCompat.NoActionBar" >
78-->[:flutter_barcode_scanner] AndroidManifest.xml:17:9-59
79        <activity
79-->src/main/AndroidManifest.xml:29:9-57:20
80            android:name="com.maantechnology.salesprosaasmain.MainActivity"
80-->src/main/AndroidManifest.xml:30:13-41
81            android:configChanges="orientation|keyboardHidden|keyboard|screenSize|smallestScreenSize|locale|layoutDirection|fontScale|screenLayout|density|uiMode"
81-->src/main/AndroidManifest.xml:33:13-163
82            android:hardwareAccelerated="true"
82-->src/main/AndroidManifest.xml:34:13-47
83            android:launchMode="singleTop"
83-->src/main/AndroidManifest.xml:31:13-43
84            android:theme="@style/LaunchTheme"
84-->src/main/AndroidManifest.xml:32:13-47
85            android:windowSoftInputMode="adjustResize" >
85-->src/main/AndroidManifest.xml:35:13-55
86
87            <!--
88                 Specifies an Android theme to apply to this Activity as soon as
89                 the Android process has started. This theme is visible to the user
90                 while the Flutter UI initializes. After that, this theme continues
91                 to determine the Window background behind the Flutter UI.
92            -->
93            <meta-data
93-->src/main/AndroidManifest.xml:40:13-43:17
94                android:name="io.flutter.embedding.android.NormalTheme"
94-->src/main/AndroidManifest.xml:41:15-70
95                android:resource="@style/NormalTheme" />
95-->src/main/AndroidManifest.xml:42:15-52
96            <!--
97                 Displays an Android View that continues showing the launch screen
98                 Drawable until Flutter paints its first frame, then this splash
99                 screen fades out. A splash screen is useful to avoid any visual
100                 gap between the end of Android's launch screen and the painting of
101                 Flutter's first frame.
102            -->
103            <meta-data
103-->src/main/AndroidManifest.xml:49:13-52:17
104                android:name="io.flutter.embedding.android.SplashScreenDrawable"
104-->src/main/AndroidManifest.xml:50:15-79
105                android:resource="@drawable/launch_background" />
105-->src/main/AndroidManifest.xml:51:15-61
106
107            <intent-filter>
107-->src/main/AndroidManifest.xml:53:13-56:29
108                <action android:name="android.intent.action.MAIN" />
108-->src/main/AndroidManifest.xml:54:17-68
108-->src/main/AndroidManifest.xml:54:25-66
109
110                <category android:name="android.intent.category.LAUNCHER" />
110-->src/main/AndroidManifest.xml:55:17-76
110-->src/main/AndroidManifest.xml:55:27-74
111            </intent-filter>
112        </activity>
113        <!--
114             Don't delete the meta-data below.
115             This is used by the Flutter tool to generate GeneratedPluginRegistrant.java
116        -->
117        <meta-data
117-->src/main/AndroidManifest.xml:60:9-62:33
118            android:name="flutterEmbedding"
118-->src/main/AndroidManifest.xml:61:13-44
119            android:value="2" />
119-->src/main/AndroidManifest.xml:62:13-30
120
121        <service
121-->[:firebase_auth] AndroidManifest.xml:10:9-14:19
122            android:name="com.google.firebase.components.ComponentDiscoveryService"
122-->[:firebase_auth] AndroidManifest.xml:10:18-89
123            android:directBootAware="true"
123-->[com.google.firebase:firebase-common:21.0.0] AndroidManifest.xml:32:13-43
124            android:exported="false" >
124-->[com.google.firebase:firebase-auth:23.0.0] AndroidManifest.xml:68:13-37
125            <meta-data
125-->[:firebase_auth] AndroidManifest.xml:11:13-13:85
126                android:name="com.google.firebase.components:io.flutter.plugins.firebase.auth.FlutterFirebaseAuthRegistrar"
126-->[:firebase_auth] AndroidManifest.xml:12:17-124
127                android:value="com.google.firebase.components.ComponentRegistrar" />
127-->[:firebase_auth] AndroidManifest.xml:13:17-82
128            <meta-data
128-->[:firebase_database] AndroidManifest.xml:11:13-13:85
129                android:name="com.google.firebase.components:io.flutter.plugins.firebase.database.FlutterFirebaseAppRegistrar"
129-->[:firebase_database] AndroidManifest.xml:12:17-127
130                android:value="com.google.firebase.components.ComponentRegistrar" />
130-->[:firebase_database] AndroidManifest.xml:13:17-82
131            <meta-data
131-->[:firebase_storage] AndroidManifest.xml:11:13-13:85
132                android:name="com.google.firebase.components:io.flutter.plugins.firebase.storage.FlutterFirebaseAppRegistrar"
132-->[:firebase_storage] AndroidManifest.xml:12:17-126
133                android:value="com.google.firebase.components.ComponentRegistrar" />
133-->[:firebase_storage] AndroidManifest.xml:13:17-82
134            <meta-data
134-->[:firebase_core] AndroidManifest.xml:11:13-13:85
135                android:name="com.google.firebase.components:io.flutter.plugins.firebase.core.FlutterFirebaseCoreRegistrar"
135-->[:firebase_core] AndroidManifest.xml:12:17-124
136                android:value="com.google.firebase.components.ComponentRegistrar" />
136-->[:firebase_core] AndroidManifest.xml:13:17-82
137            <meta-data
137-->[com.google.firebase:firebase-auth:23.0.0] AndroidManifest.xml:69:13-71:85
138                android:name="com.google.firebase.components:com.google.firebase.auth.FirebaseAuthRegistrar"
138-->[com.google.firebase:firebase-auth:23.0.0] AndroidManifest.xml:70:17-109
139                android:value="com.google.firebase.components.ComponentRegistrar" />
139-->[com.google.firebase:firebase-auth:23.0.0] AndroidManifest.xml:71:17-82
140            <meta-data
140-->[com.google.firebase:firebase-storage:21.0.0] AndroidManifest.xml:30:13-32:85
141                android:name="com.google.firebase.components:com.google.firebase.storage.FirebaseStorageKtxRegistrar"
141-->[com.google.firebase:firebase-storage:21.0.0] AndroidManifest.xml:31:17-118
142                android:value="com.google.firebase.components.ComponentRegistrar" />
142-->[com.google.firebase:firebase-storage:21.0.0] AndroidManifest.xml:32:17-82
143            <meta-data
143-->[com.google.firebase:firebase-storage:21.0.0] AndroidManifest.xml:33:13-35:85
144                android:name="com.google.firebase.components:com.google.firebase.storage.StorageRegistrar"
144-->[com.google.firebase:firebase-storage:21.0.0] AndroidManifest.xml:34:17-107
145                android:value="com.google.firebase.components.ComponentRegistrar" />
145-->[com.google.firebase:firebase-storage:21.0.0] AndroidManifest.xml:35:17-82
146            <meta-data
146-->[com.google.firebase:firebase-appcheck:18.0.0] AndroidManifest.xml:25:13-27:85
147                android:name="com.google.firebase.components:com.google.firebase.appcheck.FirebaseAppCheckKtxRegistrar"
147-->[com.google.firebase:firebase-appcheck:18.0.0] AndroidManifest.xml:26:17-120
148                android:value="com.google.firebase.components.ComponentRegistrar" />
148-->[com.google.firebase:firebase-appcheck:18.0.0] AndroidManifest.xml:27:17-82
149            <meta-data
149-->[com.google.firebase:firebase-appcheck:18.0.0] AndroidManifest.xml:28:13-30:85
150                android:name="com.google.firebase.components:com.google.firebase.appcheck.FirebaseAppCheckRegistrar"
150-->[com.google.firebase:firebase-appcheck:18.0.0] AndroidManifest.xml:29:17-117
151                android:value="com.google.firebase.components.ComponentRegistrar" />
151-->[com.google.firebase:firebase-appcheck:18.0.0] AndroidManifest.xml:30:17-82
152            <meta-data
152-->[com.google.firebase:firebase-database:21.0.0] AndroidManifest.xml:29:13-31:85
153                android:name="com.google.firebase.components:com.google.firebase.database.FirebaseDatabaseKtxRegistrar"
153-->[com.google.firebase:firebase-database:21.0.0] AndroidManifest.xml:30:17-120
154                android:value="com.google.firebase.components.ComponentRegistrar" />
154-->[com.google.firebase:firebase-database:21.0.0] AndroidManifest.xml:31:17-82
155            <meta-data
155-->[com.google.firebase:firebase-database:21.0.0] AndroidManifest.xml:32:13-34:85
156                android:name="com.google.firebase.components:com.google.firebase.database.DatabaseRegistrar"
156-->[com.google.firebase:firebase-database:21.0.0] AndroidManifest.xml:33:17-109
157                android:value="com.google.firebase.components.ComponentRegistrar" />
157-->[com.google.firebase:firebase-database:21.0.0] AndroidManifest.xml:34:17-82
158            <meta-data
158-->[com.google.firebase:firebase-common-ktx:21.0.0] AndroidManifest.xml:12:13-14:85
159                android:name="com.google.firebase.components:com.google.firebase.ktx.FirebaseCommonLegacyRegistrar"
159-->[com.google.firebase:firebase-common-ktx:21.0.0] AndroidManifest.xml:13:17-116
160                android:value="com.google.firebase.components.ComponentRegistrar" />
160-->[com.google.firebase:firebase-common-ktx:21.0.0] AndroidManifest.xml:14:17-82
161            <meta-data
161-->[com.google.firebase:firebase-common:21.0.0] AndroidManifest.xml:35:13-37:85
162                android:name="com.google.firebase.components:com.google.firebase.FirebaseCommonKtxRegistrar"
162-->[com.google.firebase:firebase-common:21.0.0] AndroidManifest.xml:36:17-109
163                android:value="com.google.firebase.components.ComponentRegistrar" />
163-->[com.google.firebase:firebase-common:21.0.0] AndroidManifest.xml:37:17-82
164        </service>
165
166        <activity android:name="com.amolg.flutterbarcodescanner.BarcodeCaptureActivity" />
166-->[:flutter_barcode_scanner] AndroidManifest.xml:18:9-91
166-->[:flutter_barcode_scanner] AndroidManifest.xml:18:19-88
167        <activity
167-->[:flutter_inappwebview_android] AndroidManifest.xml:16:9-20:47
168            android:name="com.pichillilorenzo.flutter_inappwebview_android.in_app_browser.InAppBrowserActivity"
168-->[:flutter_inappwebview_android] AndroidManifest.xml:17:13-112
169            android:configChanges="orientation|keyboardHidden|keyboard|screenSize|locale|layoutDirection|fontScale|screenLayout|density"
169-->[:flutter_inappwebview_android] AndroidManifest.xml:18:13-137
170            android:exported="false"
170-->[:flutter_inappwebview_android] AndroidManifest.xml:19:13-37
171            android:theme="@style/AppTheme" />
171-->[:flutter_inappwebview_android] AndroidManifest.xml:20:13-44
172        <activity
172-->[:flutter_inappwebview_android] AndroidManifest.xml:21:9-24:55
173            android:name="com.pichillilorenzo.flutter_inappwebview_android.chrome_custom_tabs.ChromeCustomTabsActivity"
173-->[:flutter_inappwebview_android] AndroidManifest.xml:22:13-120
174            android:exported="false"
174-->[:flutter_inappwebview_android] AndroidManifest.xml:23:13-37
175            android:theme="@style/ThemeTransparent" />
175-->[:flutter_inappwebview_android] AndroidManifest.xml:24:13-52
176        <activity
176-->[:flutter_inappwebview_android] AndroidManifest.xml:25:9-28:55
177            android:name="com.pichillilorenzo.flutter_inappwebview_android.chrome_custom_tabs.TrustedWebActivity"
177-->[:flutter_inappwebview_android] AndroidManifest.xml:26:13-114
178            android:exported="false"
178-->[:flutter_inappwebview_android] AndroidManifest.xml:27:13-37
179            android:theme="@style/ThemeTransparent" />
179-->[:flutter_inappwebview_android] AndroidManifest.xml:28:13-52
180        <activity
180-->[:flutter_inappwebview_android] AndroidManifest.xml:29:9-33:55
181            android:name="com.pichillilorenzo.flutter_inappwebview_android.chrome_custom_tabs.ChromeCustomTabsActivitySingleInstance"
181-->[:flutter_inappwebview_android] AndroidManifest.xml:30:13-134
182            android:exported="false"
182-->[:flutter_inappwebview_android] AndroidManifest.xml:31:13-37
183            android:launchMode="singleInstance"
183-->[:flutter_inappwebview_android] AndroidManifest.xml:32:13-48
184            android:theme="@style/ThemeTransparent" />
184-->[:flutter_inappwebview_android] AndroidManifest.xml:33:13-52
185        <activity
185-->[:flutter_inappwebview_android] AndroidManifest.xml:34:9-38:55
186            android:name="com.pichillilorenzo.flutter_inappwebview_android.chrome_custom_tabs.TrustedWebActivitySingleInstance"
186-->[:flutter_inappwebview_android] AndroidManifest.xml:35:13-128
187            android:exported="false"
187-->[:flutter_inappwebview_android] AndroidManifest.xml:36:13-37
188            android:launchMode="singleInstance"
188-->[:flutter_inappwebview_android] AndroidManifest.xml:37:13-48
189            android:theme="@style/ThemeTransparent" />
189-->[:flutter_inappwebview_android] AndroidManifest.xml:38:13-52
190
191        <receiver
191-->[:flutter_inappwebview_android] AndroidManifest.xml:40:9-43:40
192            android:name="com.pichillilorenzo.flutter_inappwebview_android.chrome_custom_tabs.ActionBroadcastReceiver"
192-->[:flutter_inappwebview_android] AndroidManifest.xml:41:13-119
193            android:enabled="true"
193-->[:flutter_inappwebview_android] AndroidManifest.xml:42:13-35
194            android:exported="false" />
194-->[:flutter_inappwebview_android] AndroidManifest.xml:43:13-37
195
196        <meta-data
196-->[:flutter_inappwebview_android] AndroidManifest.xml:45:9-47:36
197            android:name="io.flutter.embedded_views_preview"
197-->[:flutter_inappwebview_android] AndroidManifest.xml:46:13-61
198            android:value="true" />
198-->[:flutter_inappwebview_android] AndroidManifest.xml:47:13-33
199
200        <provider
200-->[:image_picker_android] AndroidManifest.xml:11:9-19:20
201            android:name="io.flutter.plugins.imagepicker.ImagePickerFileProvider"
201-->[:image_picker_android] AndroidManifest.xml:12:13-82
202            android:authorities="com.htecom.htecompos.flutter.image_provider"
202-->[:image_picker_android] AndroidManifest.xml:13:13-74
203            android:exported="false"
203-->[:image_picker_android] AndroidManifest.xml:14:13-37
204            android:grantUriPermissions="true" >
204-->[:image_picker_android] AndroidManifest.xml:15:13-47
205            <meta-data
205-->[:image_picker_android] AndroidManifest.xml:16:13-18:75
206                android:name="android.support.FILE_PROVIDER_PATHS"
206-->[:image_picker_android] AndroidManifest.xml:17:17-67
207                android:resource="@xml/flutter_image_picker_file_paths" />
207-->[:image_picker_android] AndroidManifest.xml:18:17-72
208        </provider> <!-- Trigger Google Play services to install the backported photo picker module. -->
209        <service
209-->[:image_picker_android] AndroidManifest.xml:21:9-33:19
210            android:name="com.google.android.gms.metadata.ModuleDependencies"
210-->[:image_picker_android] AndroidManifest.xml:22:13-78
211            android:enabled="false"
211-->[:image_picker_android] AndroidManifest.xml:23:13-36
212            android:exported="false" >
212-->[:image_picker_android] AndroidManifest.xml:24:13-37
213            <intent-filter>
213-->[:image_picker_android] AndroidManifest.xml:26:13-28:29
214                <action android:name="com.google.android.gms.metadata.MODULE_DEPENDENCIES" />
214-->[:image_picker_android] AndroidManifest.xml:27:17-94
214-->[:image_picker_android] AndroidManifest.xml:27:25-91
215            </intent-filter>
216
217            <meta-data
217-->[:image_picker_android] AndroidManifest.xml:30:13-32:36
218                android:name="photopicker_activity:0:required"
218-->[:image_picker_android] AndroidManifest.xml:31:17-63
219                android:value="" />
219-->[:image_picker_android] AndroidManifest.xml:32:17-33
220        </service>
221
222        <provider
222-->[:open_file] AndroidManifest.xml:11:9-21:20
223            android:name="com.crazecoder.openfile.FileProvider"
223-->[:open_file] AndroidManifest.xml:12:13-64
224            android:authorities="com.htecom.htecompos.fileProvider.com.crazecoder.openfile"
224-->[:open_file] AndroidManifest.xml:13:13-88
225            android:exported="false"
225-->[:open_file] AndroidManifest.xml:14:13-37
226            android:grantUriPermissions="true"
226-->[:open_file] AndroidManifest.xml:15:13-47
227            android:requestLegacyExternalStorage="true" >
227-->[:open_file] AndroidManifest.xml:16:13-56
228            <meta-data
228-->[:image_picker_android] AndroidManifest.xml:16:13-18:75
229                android:name="android.support.FILE_PROVIDER_PATHS"
229-->[:image_picker_android] AndroidManifest.xml:17:17-67
230                android:resource="@xml/filepaths" />
230-->[:image_picker_android] AndroidManifest.xml:18:17-72
231        </provider>
232
233        <activity
233-->[:url_launcher_android] AndroidManifest.xml:10:9-13:74
234            android:name="io.flutter.plugins.urllauncher.WebViewActivity"
234-->[:url_launcher_android] AndroidManifest.xml:11:13-74
235            android:exported="false"
235-->[:url_launcher_android] AndroidManifest.xml:12:13-37
236            android:theme="@android:style/Theme.NoTitleBar.Fullscreen" />
236-->[:url_launcher_android] AndroidManifest.xml:13:13-71
237        <activity
237-->[com.google.firebase:firebase-auth:23.0.0] AndroidManifest.xml:29:9-46:20
238            android:name="com.google.firebase.auth.internal.GenericIdpActivity"
238-->[com.google.firebase:firebase-auth:23.0.0] AndroidManifest.xml:30:13-80
239            android:excludeFromRecents="true"
239-->[com.google.firebase:firebase-auth:23.0.0] AndroidManifest.xml:31:13-46
240            android:exported="true"
240-->[com.google.firebase:firebase-auth:23.0.0] AndroidManifest.xml:32:13-36
241            android:launchMode="singleTask"
241-->[com.google.firebase:firebase-auth:23.0.0] AndroidManifest.xml:33:13-44
242            android:theme="@android:style/Theme.Translucent.NoTitleBar" >
242-->[com.google.firebase:firebase-auth:23.0.0] AndroidManifest.xml:34:13-72
243            <intent-filter>
243-->[com.google.firebase:firebase-auth:23.0.0] AndroidManifest.xml:35:13-45:29
244                <action android:name="android.intent.action.VIEW" />
244-->src/main/AndroidManifest.xml:16:13-65
244-->src/main/AndroidManifest.xml:16:21-62
245
246                <category android:name="android.intent.category.DEFAULT" />
246-->[com.google.firebase:firebase-auth:23.0.0] AndroidManifest.xml:38:17-76
246-->[com.google.firebase:firebase-auth:23.0.0] AndroidManifest.xml:38:27-73
247                <category android:name="android.intent.category.BROWSABLE" />
247-->[com.google.firebase:firebase-auth:23.0.0] AndroidManifest.xml:39:17-78
247-->[com.google.firebase:firebase-auth:23.0.0] AndroidManifest.xml:39:27-75
248
249                <data
249-->src/main/AndroidManifest.xml:17:13-42
250                    android:host="firebase.auth"
251                    android:path="/"
252                    android:scheme="genericidp" />
252-->src/main/AndroidManifest.xml:17:19-39
253            </intent-filter>
254        </activity>
255        <activity
255-->[com.google.firebase:firebase-auth:23.0.0] AndroidManifest.xml:47:9-64:20
256            android:name="com.google.firebase.auth.internal.RecaptchaActivity"
256-->[com.google.firebase:firebase-auth:23.0.0] AndroidManifest.xml:48:13-79
257            android:excludeFromRecents="true"
257-->[com.google.firebase:firebase-auth:23.0.0] AndroidManifest.xml:49:13-46
258            android:exported="true"
258-->[com.google.firebase:firebase-auth:23.0.0] AndroidManifest.xml:50:13-36
259            android:launchMode="singleTask"
259-->[com.google.firebase:firebase-auth:23.0.0] AndroidManifest.xml:51:13-44
260            android:theme="@android:style/Theme.Translucent.NoTitleBar" >
260-->[com.google.firebase:firebase-auth:23.0.0] AndroidManifest.xml:52:13-72
261            <intent-filter>
261-->[com.google.firebase:firebase-auth:23.0.0] AndroidManifest.xml:53:13-63:29
262                <action android:name="android.intent.action.VIEW" />
262-->src/main/AndroidManifest.xml:16:13-65
262-->src/main/AndroidManifest.xml:16:21-62
263
264                <category android:name="android.intent.category.DEFAULT" />
264-->[com.google.firebase:firebase-auth:23.0.0] AndroidManifest.xml:38:17-76
264-->[com.google.firebase:firebase-auth:23.0.0] AndroidManifest.xml:38:27-73
265                <category android:name="android.intent.category.BROWSABLE" />
265-->[com.google.firebase:firebase-auth:23.0.0] AndroidManifest.xml:39:17-78
265-->[com.google.firebase:firebase-auth:23.0.0] AndroidManifest.xml:39:27-75
266
267                <data
267-->src/main/AndroidManifest.xml:17:13-42
268                    android:host="firebase.auth"
269                    android:path="/"
270                    android:scheme="recaptcha" />
270-->src/main/AndroidManifest.xml:17:19-39
271            </intent-filter>
272        </activity>
273
274        <provider
274-->[com.google.firebase:firebase-common:21.0.0] AndroidManifest.xml:23:9-28:39
275            android:name="com.google.firebase.provider.FirebaseInitProvider"
275-->[com.google.firebase:firebase-common:21.0.0] AndroidManifest.xml:24:13-77
276            android:authorities="com.htecom.htecompos.firebaseinitprovider"
276-->[com.google.firebase:firebase-common:21.0.0] AndroidManifest.xml:25:13-72
277            android:directBootAware="true"
277-->[com.google.firebase:firebase-common:21.0.0] AndroidManifest.xml:26:13-43
278            android:exported="false"
278-->[com.google.firebase:firebase-common:21.0.0] AndroidManifest.xml:27:13-37
279            android:initOrder="100" />
279-->[com.google.firebase:firebase-common:21.0.0] AndroidManifest.xml:28:13-36
280
281        <service
281-->[androidx.credentials:credentials-play-services-auth:1.2.0-rc01] AndroidManifest.xml:24:9-32:19
282            android:name="androidx.credentials.playservices.CredentialProviderMetadataHolder"
282-->[androidx.credentials:credentials-play-services-auth:1.2.0-rc01] AndroidManifest.xml:25:13-94
283            android:enabled="true"
283-->[androidx.credentials:credentials-play-services-auth:1.2.0-rc01] AndroidManifest.xml:26:13-35
284            android:exported="false" >
284-->[androidx.credentials:credentials-play-services-auth:1.2.0-rc01] AndroidManifest.xml:27:13-37
285            <meta-data
285-->[androidx.credentials:credentials-play-services-auth:1.2.0-rc01] AndroidManifest.xml:29:13-31:104
286                android:name="androidx.credentials.CREDENTIAL_PROVIDER_KEY"